0 info it worked if it ends with ok
1 verbose cli [ '/usr/local/bin/node',
1 verbose cli   '/usr/local/bin/npm',
1 verbose cli   'i',
1 verbose cli   'palitanx-api' ]
2 info using npm@3.10.10
3 info using node@v6.10.3
4 silly loadCurrentTree Starting
5 silly install loadCurrentTree
6 silly install readLocalPackageData
7 silly fetchPackageMetaData palitanx-api
8 silly fetchNamedPackageData palitanx-api
9 silly mapToRegistry name palitanx-api
10 silly mapToRegistry using default registry
11 silly mapToRegistry registry http://registry.npmjs.org/
12 silly mapToRegistry data Result {
12 silly mapToRegistry   raw: 'palitanx-api',
12 silly mapToRegistry   scope: null,
12 silly mapToRegistry   escapedName: 'palitanx-api',
12 silly mapToRegistry   name: 'palitanx-api',
12 silly mapToRegistry   rawSpec: '',
12 silly mapToRegistry   spec: 'latest',
12 silly mapToRegistry   type: 'tag' }
13 silly mapToRegistry uri http://registry.npmjs.org/palitanx-api
14 verbose request uri http://registry.npmjs.org/palitanx-api
15 verbose request no auth needed
16 info attempt registry request try #1 at 10:55:31 AM
17 verbose request using bearer token for auth
18 verbose request id 44efb6df6aebf718
19 http request GET http://registry.npmjs.org/palitanx-api
20 http 200 http://registry.npmjs.org/palitanx-api
21 verbose headers { date: 'Sat, 26 May 2018 08:55:30 GMT',
21 verbose headers   'content-type': 'application/json; charset=UTF-8',
21 verbose headers   'transfer-encoding': 'chunked',
21 verbose headers   connection: 'close',
21 verbose headers   'set-cookie': [ '__cfduid=db4219a68ef7999d61cccadc6a980f4fc1527324929; expires=Sun, 26-May-19 08:55:29 GMT; path=/; domain=.npmjs.org; HttpOnly; Secure' ],
21 verbose headers   'cache-control': 'max-age=300',
21 verbose headers   'cf-cache-status': 'MISS',
21 verbose headers   'cf-ray': '420f05ebba7e90e1-ZAG',
21 verbose headers   etag: 'W/"cb6cec5efa2b5f9db824c4649a2ff400"',
21 verbose headers   'expect-ct': 'max-age=604800, report-uri="https://report-uri.cloudflare.com/cdn-cgi/beacon/expect-ct"',
21 verbose headers   'last-modified': 'Fri, 25 May 2018 10:19:38 GMT',
21 verbose headers   vary: 'accept-encoding, accept',
21 verbose headers   server: 'cloudflare',
21 verbose headers   'content-encoding': 'gzip' }
22 silly get cb [ 200,
22 silly get   { date: 'Sat, 26 May 2018 08:55:30 GMT',
22 silly get     'content-type': 'application/json; charset=UTF-8',
22 silly get     'transfer-encoding': 'chunked',
22 silly get     connection: 'close',
22 silly get     'set-cookie': [ '__cfduid=db4219a68ef7999d61cccadc6a980f4fc1527324929; expires=Sun, 26-May-19 08:55:29 GMT; path=/; domain=.npmjs.org; HttpOnly; Secure' ],
22 silly get     'cache-control': 'max-age=300',
22 silly get     'cf-cache-status': 'MISS',
22 silly get     'cf-ray': '420f05ebba7e90e1-ZAG',
22 silly get     etag: 'W/"cb6cec5efa2b5f9db824c4649a2ff400"',
22 silly get     'expect-ct': 'max-age=604800, report-uri="https://report-uri.cloudflare.com/cdn-cgi/beacon/expect-ct"',
22 silly get     'last-modified': 'Fri, 25 May 2018 10:19:38 GMT',
22 silly get     vary: 'accept-encoding, accept',
22 silly get     server: 'cloudflare',
22 silly get     'content-encoding': 'gzip' } ]
23 verbose get saving palitanx-api to /home/github/.npm/registry.npmjs.org/palitanx-api/.cache.json
24 verbose correctMkdir /home/github/.npm correctMkdir not in flight; initializing
25 silly install normalizeTree
26 silly loadCurrentTree Finishing
27 silly loadIdealTree Starting
28 silly install loadIdealTree
29 silly cloneCurrentTree Starting
30 silly install cloneCurrentTreeToIdealTree
31 silly cloneCurrentTree Finishing
32 silly loadShrinkwrap Starting
33 silly install loadShrinkwrap
34 silly loadShrinkwrap Finishing
35 silly loadAllDepsIntoIdealTree Starting
36 silly install loadAllDepsIntoIdealTree
37 silly rollbackFailedOptional Starting
38 silly rollbackFailedOptional Finishing
39 silly runTopLevelLifecycles Finishing
40 silly install printInstalled
41 verbose stack Error: Refusing to install palitanx-api as a dependency of itself
41 verbose stack     at checkSelf (/usr/local/lib/node_modules/npm/lib/install/validate-args.js:53:14)
41 verbose stack     at Array.<anonymous> (/usr/local/lib/node_modules/npm/node_modules/slide/lib/bind-actor.js:15:8)
41 verbose stack     at LOOP (/usr/local/lib/node_modules/npm/node_modules/slide/lib/chain.js:15:14)
41 verbose stack     at chain (/usr/local/lib/node_modules/npm/node_modules/slide/lib/chain.js:20:5)
41 verbose stack     at /usr/local/lib/node_modules/npm/lib/install/validate-args.js:16:5
41 verbose stack     at /usr/local/lib/node_modules/npm/node_modules/slide/lib/async-map.js:52:35
41 verbose stack     at Array.forEach (native)
41 verbose stack     at /usr/local/lib/node_modules/npm/node_modules/slide/lib/async-map.js:52:11
41 verbose stack     at Array.forEach (native)
41 verbose stack     at asyncMap (/usr/local/lib/node_modules/npm/node_modules/slide/lib/async-map.js:51:8)
42 verbose cwd /home/github/node-palitanx-api
43 error Linux 4.9.0-6-amd64
44 error argv "/usr/local/bin/node" "/usr/local/bin/npm" "i" "palitanx-api"
45 error node v6.10.3
46 error npm  v3.10.10
47 error code ENOSELF
48 error Refusing to install palitanx-api as a dependency of itself
49 error If you need help, you may report this error at:
49 error     <https://github.com/npm/npm/issues>
50 verbose exit [ 1, true ]
